Jan 10 00:43:14.000 [notice] Tor 0.2.3.25 (git-17c24b3118224d65) opening new log file.
Jan 10 00:43:14.000 [notice] Parsing GEOIP file /opt/xce/share/tor/geoip.
Jan 10 00:43:16.000 [warn] You are running Tor as root. You don't need to, and you probably shouldn't.
Jan 10 00:43:16.000 [notice] No AES engine found; using AES_* functions.
Jan 10 00:43:16.000 [notice] This OpenSSL has a good implementation of counter mode; using it.
Jan 10 00:43:17.000 [notice] OpenSSL OpenSSL 1.0.0k 5 Feb 2013 looks like version 0.9.8m or later; I will try SSL_OP to enable renegotiation
Jan 10 00:43:19.000 [notice] Reloaded microdescriptor cache.  Found 0 descriptors.
Jan 10 00:43:19.000 [notice] I learned some more directory information, but not enough to build a circuit: We have no usable consensus.
Jan 10 00:43:20.000 [notice] Bootstrapped 5%: Connecting to directory server.
Jan 10 00:43:20.000 [notice] Heartbeat: Tor's uptime is 0:00 hours, with 1 circuits open. I've sent 0 kB and received 0 kB.
Jan 10 00:43:20.000 [notice] Bootstrapped 10%: Finishing handshake with directory server.
Jan 10 00:43:20.000 [notice] Bootstrapped 15%: Establishing an encrypted directory connection.
Jan 10 00:43:20.000 [notice] Bootstrapped 20%: Asking for networkstatus consensus.
Jan 10 00:43:20.000 [notice] Bootstrapped 25%: Loading networkstatus consensus.
Jan 10 00:43:22.000 [notice] I learned some more directory information, but not enough to build a circuit: We have no usable consensus.
Jan 10 00:43:23.000 [notice] Bootstrapped 40%: Loading authority key certs.
Jan 10 00:43:24.000 [notice] Bootstrapped 45%: Asking for relay descriptors.
Jan 10 00:43:24.000 [notice] I learned some more directory information, but not enough to build a circuit: We have only 0/5049 usable microdescriptors.
Jan 10 00:43:25.000 [notice] We'd like to launch a circuit to handle a connection, but we already have 32 general-purpose client circuits pending. Waiting until some finish.
Jan 10 00:43:30.000 [notice] We now have enough directory information to build circuits.
Jan 10 00:43:30.000 [notice] Bootstrapped 80%: Connecting to the Tor network.
Jan 10 00:43:31.000 [notice] Bootstrapped 85%: Finishing handshake with first hop.
Jan 10 00:43:31.000 [notice] Bootstrapped 90%: Establishing a Tor circuit.
Jan 10 00:43:33.000 [notice] Tor has successfully opened a circuit. Looks like client functionality is working.
Jan 10 00:43:33.000 [notice] Bootstrapped 100%: Done.
Jan 10 00:54:33.000 [notice] Catching signal TERM, exiting cleanly.
Jan 10 00:54:34.000 [notice] Tor 0.2.3.25 (git-17c24b3118224d65) opening log file.
Jan 10 00:54:34.000 [notice] Parsing GEOIP file /opt/xce/share/tor/geoip.
Jan 10 00:54:36.000 [warn] You are running Tor as root. You don't need to, and you probably shouldn't.
Jan 10 00:54:36.000 [notice] No AES engine found; using AES_* functions.
Jan 10 00:54:36.000 [notice] This OpenSSL has a good implementation of counter mode; using it.
Jan 10 00:54:37.000 [notice] OpenSSL OpenSSL 1.0.0k 5 Feb 2013 looks like version 0.9.8m or later; I will try SSL_OP to enable renegotiation
Jan 10 00:54:39.000 [notice] Reloaded microdescriptor cache.  Found 0 descriptors.
Jan 10 00:54:39.000 [notice] I learned some more directory information, but not enough to build a circuit: We have no usable consensus.
Jan 10 00:54:40.000 [notice] Bootstrapped 5%: Connecting to directory server.
Jan 10 00:54:40.000 [notice] Heartbeat: Tor's uptime is 0:00 hours, with 1 circuits open. I've sent 0 kB and received 0 kB.
Jan 10 00:54:40.000 [notice] Bootstrapped 10%: Finishing handshake with directory server.
Jan 10 00:54:41.000 [notice] Bootstrapped 15%: Establishing an encrypted directory connection.
Jan 10 00:54:41.000 [notice] Bootstrapped 20%: Asking for networkstatus consensus.
Jan 10 00:54:41.000 [notice] Bootstrapped 25%: Loading networkstatus consensus.
Jan 10 00:54:43.000 [notice] I learned some more directory information, but not enough to build a circuit: We have no usable consensus.
Jan 10 00:54:43.000 [notice] Bootstrapped 40%: Loading authority key certs.
Jan 10 00:54:44.000 [notice] Bootstrapped 45%: Asking for relay descriptors.
Jan 10 00:54:44.000 [notice] I learned some more directory information, but not enough to build a circuit: We have only 0/5049 usable microdescriptors.
Jan 10 00:54:45.000 [notice] We'd like to launch a circuit to handle a connection, but we already have 32 general-purpose client circuits pending. Waiting until some finish.
Jan 10 00:54:50.000 [notice] We now have enough directory information to build circuits.
Jan 10 00:54:50.000 [notice] Bootstrapped 80%: Connecting to the Tor network.
Jan 10 00:54:50.000 [notice] Bootstrapped 85%: Finishing handshake with first hop.
Jan 10 00:54:51.000 [notice] Bootstrapped 90%: Establishing a Tor circuit.
Jan 10 00:54:52.000 [notice] Tor has successfully opened a circuit. Looks like client functionality is working.
Jan 10 00:54:52.000 [notice] Bootstrapped 100%: Done.
Jan 10 02:50:48.000 [notice] We stalled too much while trying to write 3486 bytes to address [scrubbed].  If this happens a lot, either something is wrong with your network connection, or something is wrong with theirs. (fd 48, type Socks, state 11, marked at connection_edge.c:135).
Jan 10 03:20:47.000 [notice] Have tried resolving or connecting to address '[scrubbed]' at 3 different places. Giving up.
Jan 10 06:54:41.000 [notice] Heartbeat: Tor's uptime is 6:00 hours, with 0 circuits open. I've sent 11.50 MB and received 115.25 MB.
Jan 10 12:54:41.000 [notice] Heartbeat: Tor's uptime is 12:00 hours, with 0 circuits open. I've sent 11.55 MB and received 116.54 MB.
