This is pdfTeX, Version 3.1415926-2.5-1.40.14 (TeX Live 2013) (format=pdflatex 2013.5.30)  18 FEB 2014 12:25
entering extended mode
 restricted \write18 enabled.
 %&-line parsing enabled.
**bare_conf.tex
(./bare_conf.tex
LaTeX2e <2011/06/27>
Babel <3.9f> and hyphenation patterns for 78 languages loaded.
(./IEEEtran.cls
Document Class: IEEEtran 2012/11/21 V1.8c by Harald Hanche-Olsen and Anders Chr
istensen
-- Based on V1.7a by Michael Shell
-- See the "IEEEtran_HOWTO" manual for usage information.
-- http://www.michaelshell.org/tex/ieeetran/
\@IEEEtrantmpdimenA=\dimen102
\@IEEEtrantmpdimenB=\dimen103
\@IEEEtrantmpcountA=\count79
\@IEEEtrantmpcountB=\count80
\@IEEEtrantmptoksA=\toks14
LaTeX Font Info:    Try loading font information for OT1+ptm on input line 373.

(/usr/local/texlive/2013/texmf-dist/tex/latex/psnfss/ot1ptm.fd
File: ot1ptm.fd 2001/06/04 font definitions for OT1/ptm.
)
-- Using 8.5in x 11in (letter) paper.
-- Using PDF output.
\@IEEEnormalsizeunitybaselineskip=\dimen104
-- This is a 10 point document.
\CLASSINFOnormalsizebaselineskip=\dimen105
\CLASSINFOnormalsizeunitybaselineskip=\dimen106
\IEEEnormaljot=\dimen107
LaTeX Font Info:    Font shape `OT1/ptm/bx/n' in size <5> not available
(Font)              Font shape `OT1/ptm/b/n' tried instead on input line 731.
LaTeX Font Info:    Font shape `OT1/ptm/bx/it' in size <5> not available
(Font)              Font shape `OT1/ptm/b/it' tried instead on input line 731.
LaTeX Font Info:    Font shape `OT1/ptm/bx/n' in size <7> not available
(Font)              Font shape `OT1/ptm/b/n' tried instead on input line 731.
LaTeX Font Info:    Font shape `OT1/ptm/bx/it' in size <7> not available
(Font)              Font shape `OT1/ptm/b/it' tried instead on input line 731.
LaTeX Font Info:    Font shape `OT1/ptm/bx/n' in size <8> not available
(Font)              Font shape `OT1/ptm/b/n' tried instead on input line 731.
LaTeX Font Info:    Font shape `OT1/ptm/bx/it' in size <8> not available
(Font)              Font shape `OT1/ptm/b/it' tried instead on input line 731.
LaTeX Font Info:    Font shape `OT1/ptm/bx/n' in size <9> not available
(Font)              Font shape `OT1/ptm/b/n' tried instead on input line 731.
LaTeX Font Info:    Font shape `OT1/ptm/bx/it' in size <9> not available
(Font)              Font shape `OT1/ptm/b/it' tried instead on input line 731.
LaTeX Font Info:    Font shape `OT1/ptm/bx/n' in size <10> not available
(Font)              Font shape `OT1/ptm/b/n' tried instead on input line 731.
LaTeX Font Info:    Font shape `OT1/ptm/bx/it' in size <10> not available
(Font)              Font shape `OT1/ptm/b/it' tried instead on input line 731.
LaTeX Font Info:    Font shape `OT1/ptm/bx/n' in size <11> not available
(Font)              Font shape `OT1/ptm/b/n' tried instead on input line 731.
LaTeX Font Info:    Font shape `OT1/ptm/bx/it' in size <11> not available
(Font)              Font shape `OT1/ptm/b/it' tried instead on input line 731.
LaTeX Font Info:    Font shape `OT1/ptm/bx/n' in size <12> not available
(Font)              Font shape `OT1/ptm/b/n' tried instead on input line 731.
LaTeX Font Info:    Font shape `OT1/ptm/bx/it' in size <12> not available
(Font)              Font shape `OT1/ptm/b/it' tried instead on input line 731.
LaTeX Font Info:    Font shape `OT1/ptm/bx/n' in size <17> not available
(Font)              Font shape `OT1/ptm/b/n' tried instead on input line 731.
LaTeX Font Info:    Font shape `OT1/ptm/bx/it' in size <17> not available
(Font)              Font shape `OT1/ptm/b/it' tried instead on input line 731.
LaTeX Font Info:    Font shape `OT1/ptm/bx/n' in size <20> not available
(Font)              Font shape `OT1/ptm/b/n' tried instead on input line 731.
LaTeX Font Info:    Font shape `OT1/ptm/bx/it' in size <20> not available
(Font)              Font shape `OT1/ptm/b/it' tried instead on input line 731.
LaTeX Font Info:    Font shape `OT1/ptm/bx/n' in size <24> not available
(Font)              Font shape `OT1/ptm/b/n' tried instead on input line 731.
LaTeX Font Info:    Font shape `OT1/ptm/bx/it' in size <24> not available
(Font)              Font shape `OT1/ptm/b/it' tried instead on input line 731.
\IEEEilabelindentA=\dimen108
\IEEEilabelindentB=\dimen109
\IEEEilabelindent=\dimen110
\IEEEelabelindent=\dimen111
\IEEEdlabelindent=\dimen112
\IEEElabelindent=\dimen113
\IEEEiednormlabelsep=\dimen114
\IEEEiedmathlabelsep=\dimen115
\IEEEiedtopsep=\skip41
\c@section=\count81
\c@subsection=\count82
\c@subsubsection=\count83
\c@paragraph=\count84
\c@IEEEsubequation=\count85
\abovecaptionskip=\skip42
\belowcaptionskip=\skip43
\c@figure=\count86
\c@table=\count87
\@IEEEeqnnumcols=\count88
\@IEEEeqncolcnt=\count89
\@IEEEtmpitemindent=\dimen116
\c@IEEEbiography=\count90
\@IEEEtranrubishbin=\box26
) (/usr/local/texlive/2013/texmf-dist/tex/latex/graphics/graphicx.sty
Package: graphicx 1999/02/16 v1.0f Enhanced LaTeX Graphics (DPC,SPQR)

(/usr/local/texlive/2013/texmf-dist/tex/latex/graphics/keyval.sty
Package: keyval 1999/03/16 v1.13 key=value parser (DPC)
\KV@toks@=\toks15
)
(/usr/local/texlive/2013/texmf-dist/tex/latex/graphics/graphics.sty
Package: graphics 2009/02/05 v1.0o Standard LaTeX Graphics (DPC,SPQR)

(/usr/local/texlive/2013/texmf-dist/tex/latex/graphics/trig.sty
Package: trig 1999/03/16 v1.09 sin cos tan (DPC)
)
(/usr/local/texlive/2013/texmf-dist/tex/latex/latexconfig/graphics.cfg
File: graphics.cfg 2010/04/23 v1.9 graphics configuration of TeX Live
)
Package graphics Info: Driver file: pdftex.def on input line 91.

(/usr/local/texlive/2013/texmf-dist/tex/latex/pdftex-def/pdftex.def
File: pdftex.def 2011/05/27 v0.06d Graphics/color for pdfTeX

(/usr/local/texlive/2013/texmf-dist/tex/generic/oberdiek/infwarerr.sty
Package: infwarerr 2010/04/08 v1.3 Providing info/warning/error messages (HO)
)
(/usr/local/texlive/2013/texmf-dist/tex/generic/oberdiek/ltxcmds.sty
Package: ltxcmds 2011/11/09 v1.22 LaTeX kernel commands for general use (HO)
)
\Gread@gobject=\count91
))
\Gin@req@height=\dimen117
\Gin@req@width=\dimen118
)
(/usr/local/texlive/2013/texmf-dist/tex/latex/subfig/subfig.sty
Package: subfig 2005/06/28 ver: 1.3 subfig package

(/usr/local/texlive/2013/texmf-dist/tex/latex/caption/caption.sty
Package: caption 2013/05/02 v3.3-89 Customizing captions (AR)

(/usr/local/texlive/2013/texmf-dist/tex/latex/caption/caption3.sty
Package: caption3 2013/05/02 v1.6-88 caption3 kernel (AR)
Package caption3 Info: TeX engine: e-TeX on input line 57.
\captionmargin=\dimen119
\captionmargin@=\dimen120
\captionwidth=\dimen121
\caption@tempdima=\dimen122
\caption@indent=\dimen123
\caption@parindent=\dimen124
\caption@hangindent=\dimen125
Package caption Info: Unknown document class (or package),
(caption)             standard defaults will be used.
)

Package caption Warning: Unsupported document class (or package) detected,
(caption)                usage of the caption package is not recommended.
See the caption package documentation for explanation.

Package caption Info: \@makecaption = \long macro:#1#2->\ifx \@captype \@IEEEta
blestring \footnotesize {\centering \normalfont \footnotesize #1.\qquad \scshap
e #2\par }\@IEEEtablecaptionsepspace \else \@IEEEfigurecaptionsepspace \setbox 
\@tempboxa \hbox {\normalfont \footnotesize {#1.}~~ #2}\ifdim \wd \@tempboxa >\
hsize \setbox \@tempboxa \hbox {\normalfont \footnotesize {#1.}~~ }\parbox [t]{
\hsize }{\normalfont \footnotesize \noindent \unhbox \@tempboxa #2}\else \ifCLA
SSOPTIONconference \hbox to\hsize {\normalfont \footnotesize \box \@tempboxa \h
fil }\else \hbox to\hsize {\normalfont \footnotesize \box \@tempboxa \hfil }\fi
 \fi \fi .
\c@ContinuedFloat=\count92
)
\c@KVtest=\count93
\sf@farskip=\skip44
\sf@captopadj=\dimen126
\sf@capskip=\skip45
\sf@nearskip=\skip46
\c@subfigure=\count94
\c@subfigure@save=\count95
\c@lofdepth=\count96
\c@subtable=\count97
\c@subtable@save=\count98
\c@lotdepth=\count99
\sf@top=\skip47
\sf@bottom=\skip48
) (/usr/local/texlive/2013/texmf-dist/tex/latex/base/fixltx2e.sty
Package: fixltx2e 2006/09/13 v1.1m fixes to LaTeX
LaTeX Info: Redefining \em on input line 420.
)
(/usr/local/texlive/2013/texmf-dist/tex/latex/sttools/stfloats.sty
Package: stfloats 2012/05/29 v1.1 Improve float mechanism and baselineskip sett
ings
\@dblbotnum=\count100
\c@dblbotnumber=\count101
)
(/usr/local/texlive/2013/texmf-dist/tex/latex/url/url.sty
\Urlmuskip=\muskip10
Package: url 2006/04/12  ver 3.3  Verb mode for urls, etc.
) (./bare_conf.aux)
\openout1 = `bare_conf.aux'.

LaTeX Font Info:    Checking defaults for OML/cmm/m/it on input line 353.
LaTeX Font Info:    ... okay on input line 353.
LaTeX Font Info:    Checking defaults for T1/cmr/m/n on input line 353.
LaTeX Font Info:    ... okay on input line 353.
LaTeX Font Info:    Checking defaults for OT1/cmr/m/n on input line 353.
LaTeX Font Info:    ... okay on input line 353.
LaTeX Font Info:    Checking defaults for OMS/cmsy/m/n on input line 353.
LaTeX Font Info:    ... okay on input line 353.
LaTeX Font Info:    Checking defaults for OMX/cmex/m/n on input line 353.
LaTeX Font Info:    ... okay on input line 353.
LaTeX Font Info:    Checking defaults for U/cmr/m/n on input line 353.
LaTeX Font Info:    ... okay on input line 353.

(/usr/local/texlive/2013/texmf-dist/tex/context/base/supp-pdf.mkii
[Loading MPS to PDF converter (version 2006.09.02).]
\scratchcounter=\count102
\scratchdimen=\dimen127
\scratchbox=\box27
\nofMPsegments=\count103
\nofMParguments=\count104
\everyMPshowfont=\toks16
\MPscratchCnt=\count105
\MPscratchDim=\dimen128
\MPnumerator=\count106
\makeMPintoPDFobject=\count107
\everyMPtoPDFconversion=\toks17
) (/usr/local/texlive/2013/texmf-dist/tex/generic/oberdiek/pdftexcmds.sty
Package: pdftexcmds 2011/11/29 v0.20 Utility functions of pdfTeX for LuaTeX (HO
)

(/usr/local/texlive/2013/texmf-dist/tex/generic/oberdiek/ifluatex.sty
Package: ifluatex 2010/03/01 v1.3 Provides the ifluatex switch (HO)
Package ifluatex Info: LuaTeX not detected.
)
(/usr/local/texlive/2013/texmf-dist/tex/generic/oberdiek/ifpdf.sty
Package: ifpdf 2011/01/30 v2.3 Provides the ifpdf switch (HO)
Package ifpdf Info: pdfTeX in PDF mode is detected.
)
Package pdftexcmds Info: LuaTeX not detected.
Package pdftexcmds Info: \pdf@primitive is available.
Package pdftexcmds Info: \pdf@ifprimitive is available.
Package pdftexcmds Info: \pdfdraftmode found.
)
(/usr/local/texlive/2013/texmf-dist/tex/latex/oberdiek/epstopdf-base.sty
Package: epstopdf-base 2010/02/09 v2.5 Base part for package epstopdf

(/usr/local/texlive/2013/texmf-dist/tex/latex/oberdiek/grfext.sty
Package: grfext 2010/08/19 v1.1 Manage graphics extensions (HO)

(/usr/local/texlive/2013/texmf-dist/tex/generic/oberdiek/kvdefinekeys.sty
Package: kvdefinekeys 2011/04/07 v1.3 Define keys (HO)
))
(/usr/local/texlive/2013/texmf-dist/tex/latex/oberdiek/kvoptions.sty
Package: kvoptions 2011/06/30 v3.11 Key value format for package options (HO)

(/usr/local/texlive/2013/texmf-dist/tex/generic/oberdiek/kvsetkeys.sty
Package: kvsetkeys 2012/04/25 v1.16 Key value parser (HO)

(/usr/local/texlive/2013/texmf-dist/tex/generic/oberdiek/etexcmds.sty
Package: etexcmds 2011/02/16 v1.5 Avoid name clashes with e-TeX commands (HO)
Package etexcmds Info: Could not find \expanded.
(etexcmds)             That can mean that you are not using pdfTeX 1.50 or
(etexcmds)             that some package has redefined \expanded.
(etexcmds)             In the latter case, load this package earlier.
)))
Package grfext Info: Graphics extension search list:
(grfext)             [.png,.pdf,.jpg,.mps,.jpeg,.jbig2,.jb2,.PNG,.PDF,.JPG,.JPE
G,.JBIG2,.JB2,.eps]
(grfext)             \AppendGraphicsExtensions on input line 452.

(/usr/local/texlive/2013/texmf-dist/tex/latex/latexconfig/epstopdf-sys.cfg
File: epstopdf-sys.cfg 2010/07/13 v1.3 Configuration of (r)epstopdf for TeX Liv
e
))
Package caption Info: Begin \AtBeginDocument code.
Package caption Info: subfig package v1.3 is loaded.
Package caption Info: End \AtBeginDocument code.

<instructions.png, id=1, 950.55125pt x 287.0725pt>
File: instructions.png Graphic file (type png)
 <use instructions.png>
Package pdftex.def Info: instructions.png used on input line 524.
(pdftex.def)             Requested size: 393.0748pt x 118.71234pt.
Missing character: There is no ‚ in font ptmr7t!
Missing character: There is no Ä in font ptmr7t!
Missing character: There is no ú in font ptmr7t!
Missing character: There is no ‚ in font ptmr7t!
Missing character: There is no Ä in font ptmr7t!
Missing character: There is no ù in font ptmr7t!
Missing character: There is no ‚ in font ptmr7t!
Missing character: There is no Ä in font ptmr7t!
Missing character: There is no ô in font ptmr7t!
Missing character: There is no ‚ in font ptmr7t!
Missing character: There is no Ä in font ptmr7t!
Missing character: There is no ô in font ptmr7t!


LaTeX Warning: Reference `fig:top' on page 1 undefined on input line 541.


LaTeX Warning: Reference `fig:bottom' on page 1 undefined on input line 541.

[1{/usr/local/texlive/2013/texmf-var/fonts/map/pdftex/updmap/pdftex.map}


]
<funnydesc.png, id=11, 1026.83624pt x 56.21pt>
File: funnydesc.png Graphic file (type png)
 <use funnydesc.png>
Package pdftex.def Info: funnydesc.png used on input line 592.
(pdftex.def)             Requested size: 524.09975pt x 28.68987pt.

<relaydesc.png, id=12, 862.22125pt x 119.44624pt>
File: relaydesc.png Graphic file (type png)
 <use relaydesc.png>
Package pdftex.def Info: relaydesc.png used on input line 600.
(pdftex.def)             Requested size: 524.09975pt x 72.60692pt.
LaTeX Font Info:    Try loading font information for OT1+pcr on input line 609.


(/usr/local/texlive/2013/texmf-dist/tex/latex/psnfss/ot1pcr.fd
File: ot1pcr.fd 2001/06/04 font definitions for OT1/pcr.
)
Underfull \hbox (badness 4954) in paragraph at lines 613--614
[]\OT1/ptm/m/n/10 The Safe-plug con-fig-u-ra-tion files can be found in
 []

[2 <./instructions.png>]
Underfull \hbox (badness 1755) in paragraph at lines 615--616
[]\OT1/ptm/m/n/10 These con-fig-u-ra-tion files are read by the scripts in
 []

<proxyconfig.png, id=17, 1284.8pt x 1027.84pt>
File: proxyconfig.png Graphic file (type png)
 <use proxyconfig.png>
Package pdftex.def Info: proxyconfig.png used on input line 625.
(pdftex.def)             Requested size: 393.0748pt x 314.45528pt.


LaTeX Warning: Reference `fig:settings' on page 3 undefined on input line 631.

<settings.png, id=18, 1284.8pt x 1027.84pt>
File: settings.png Graphic file (type png)
 <use settings.png>
Package pdftex.def Info: settings.png used on input line 635.
(pdftex.def)             Requested size: 393.0748pt x 314.45528pt.


LaTeX Warning: Reference `fig:before' on page 3 undefined on input line 643.


LaTeX Warning: Reference `fig:after' on page 3 undefined on input line 643.


LaTeX Warning: Reference `fig:funnygoogle' on page 3 undefined on input line 66
0.

<funnygoogle.png, id=19, 700.6175pt x 458.71375pt>
File: funnygoogle.png Graphic file (type png)
 <use funnygoogle.png>
Package pdftex.def Info: funnygoogle.png used on input line 664.
(pdftex.def)             Requested size: 262.04987pt x 171.57626pt.

[3 <./funnydesc.png> <./relaydesc.png>]
LaTeX Font Info:    External font `cmex10' loaded for size
(Font)              <7> on input line 681.
LaTeX Font Info:    External font `cmex10' loaded for size
(Font)              <5> on input line 681.


LaTeX Warning: Reference `fig:latency2' on page 4 undefined on input line 690.

<latency2.png, id=23, 641.9985pt x 430.0065pt>
File: latency2.png Graphic file (type png)
 <use latency2.png>
Package pdftex.def Info: latency2.png used on input line 694.
(pdftex.def)             Requested size: 366.86821pt x 245.73615pt.

Underfull \vbox (badness 10000) has occurred while \output is active []

 [4 <./proxyconfig.png>] <disabletor.png, id=29, 739.76375pt x 155.58125pt>
File: disabletor.png Graphic file (type png)

<use disabletor.png>
Package pdftex.def Info: disabletor.png used on input line 709.
(pdftex.def)             Requested size: 393.0748pt x 82.66895pt.


LaTeX Warning: Reference `disable' on page 5 undefined on input line 716.


LaTeX Warning: Reference `App:AppendixA' on page 5 undefined on input line 726.



Underfull \hbox (badness 2689) in paragraph at lines 734--735
[]\OT1/ptm/m/n/10 The largest ob-served time to send re-quests to the
 []

[5] [6]
LaTeX Font Info:    External font `cmex10' loaded for size
(Font)              <8> on input line 813.
LaTeX Font Info:    External font `cmex10' loaded for size
(Font)              <6> on input line 813.

Underfull \hbox (badness 10000) in paragraph at lines 811--814
[]\OT1/ptm/m/n/8 Appelbaum et. al. ``Shop-ping for Spy Gear: Cat-
 []


Underfull \hbox (badness 10000) in paragraph at lines 811--814
\OT1/ptm/m/n/8 a-log Ad-ver-tises NSA Tool-box'' \OT1/ptm/m/it/8 Der Spiegel \O
T1/ptm/m/n/8 29
 []


Underfull \hbox (badness 10000) in paragraph at lines 811--814
\OT1/ptm/m/n/8 De-cem-ber 2013 $www . spiegel . de / international / world /
 []


Underfull \hbox (badness 10000) in paragraph at lines 811--814
\OT1/ptm/m/n/8 catalog-[]reveals-[]nsa-[]has-[]back-[]doors-[]for-[]numerous-[]
devices-[]a-[]940994 .
 []


Underfull \hbox (badness 2027) in paragraph at lines 815--816
\OT1/ptm/m/n/8 how does it work?'' $http : / / www . theguardian . com / world 
/ 2013 / jun / 07 /
 []


Underfull \hbox (badness 4403) in paragraph at lines 825--826
[]\OT1/ptm/m/n/8 Feamster, Nick, and Din-gle-dine, Roger. ``Lo-ca-tion Di-ver-s
ity in
 []


Underfull \hbox (badness 1817) in paragraph at lines 831--832
\OT1/ptm/m/it/8 tech.net \OT1/ptm/m/n/8 25 Novem-ber 2013, $http : / / www . bi
t-[]tech . net / news / hardware /
 []


Underfull \hbox (badness 2970) in paragraph at lines 837--838
[]\OT1/ptm/m/n/8 Johnston, Matt. ``Drop-bear SSH.'' $https : / / matt . ucc . a
sn . au / dropbear /
 []


Underfull \hbox (badness 1852) in paragraph at lines 844--845
[]\OT1/ptm/m/n/8 Marvell, ``88F6190 and 88F6192 In-te-grated Con-troller Hard-w
are
 []


Underfull \hbox (badness 10000) in paragraph at lines 844--845
\OT1/ptm/m/n/8 Spec-i-fi-ca-tions'' 2 De-cem-ber 2008. $http : / / www . marvel
l . com /
 []


Underfull \hbox (badness 10000) in paragraph at lines 846--847
\OT1/ptm/m/n/8 http : / / www . marvell . com / /embedded-[]processors / kirkwo
od / assets /
 []

Missing character: There is no ‚ in font ptmr7t!
Missing character: There is no Ä in font ptmr7t!
Missing character: There is no ô in font ptmr7t!

Underfull \hbox (badness 10000) in paragraph at lines 854--855
[]\OT1/ptm/m/n/8 Meyer, David. ``Say hello to Safe-plug, Pogo-plugs
 []


Underfull \hbox (badness 10000) in paragraph at lines 854--855
\OT1/ptm/m/n/8 $49 Tor-in-a-box for anony-mous surf-ing'', \OT1/ptm/m/it/8 Gi-g
aOm\OT1/ptm/m/n/8 ,
 []


Underfull \hbox (badness 10000) in paragraph at lines 854--855
\OT1/ptm/m/n/8 21 Novem-ber 2013. $http : / / gigaom . com / 2013 / 11 / 21 /
 []


Overfull \hbox (6.46036pt too wide) in paragraph at lines 854--855
\OT1/ptm/m/n/8 say-[]hello-[]to-[]safeplug-[]pogoplugs-[]49-[]tor-[]in-[]a-[]bo
x-[]for-[]anonymous-[]sur^^Lng/$. 
 []


Underfull \hbox (badness 10000) in paragraph at lines 870--871
\OT1/ptm/m/n/8 2013. $https : / / www . schneier . com / blog / archives / 2013
 / 11 / tor[]appliance .
 []


Underfull \hbox (badness 10000) in paragraph at lines 876--877
[]\OT1/ptm/m/n/8 Tor Mail-ing List. $https : / / lists . torproject . org / pip
ermail / tor-[]talk /
 []


** Conference Paper **
Before submitting the final camera ready copy, remember to:

 1. Manually equalize the lengths of two columns on the last page
 of your paper;

 2. Ensure that any PostScript and/or PDF output post-processing
 uses only Type 1 fonts and that every step in the generation
 process uses the appropriate paper size.

[7] (./bare_conf.aux)

LaTeX Warning: There were undefined references.

 ) 
Here is how much of TeX's memory you used:
 3616 strings out of 493315
 59592 string characters out of 6137904
 132939 words of memory out of 5000000
 7032 multiletter control sequences out of 15000+600000
 37588 words of font info for 72 fonts, out of 8000000 for 9000
 960 hyphenation exceptions out of 8191
 44i,6n,42p,1483b,326s stack positions out of 5000i,500n,10000p,200000b,80000s
{/usr/local/texlive/2013/texmf-dist/fonts/enc/dvips/base/8r.enc}</usr/local/t
exlive/2013/texmf-dist/fonts/type1/public/amsfonts/cm/cmsy10.pfb></usr/local/te
xlive/2013/texmf-dist/fonts/type1/urw/courier/ucrr8a.pfb></usr/local/texlive/20
13/texmf-dist/fonts/type1/urw/times/utmb8a.pfb></usr/local/texlive/2013/texmf-d
ist/fonts/type1/urw/times/utmbi8a.pfb></usr/local/texlive/2013/texmf-dist/fonts
/type1/urw/times/utmr8a.pfb></usr/local/texlive/2013/texmf-dist/fonts/type1/urw
/times/utmri8a.pfb>
Output written on bare_conf.pdf (7 pages, 415553 bytes).
PDF statistics:
 62 PDF objects out of 1000 (max. 8388607)
 37 compressed objects within 1 object stream
 0 named destinations out of 1000 (max. 500000)
 41 words of extra memory for PDF output out of 10000 (max. 10000000)

